\BOOKMARK [1][-]{section.1}{\376\377\000G\000r\000u\000n\000d\000l\000a\000g\000e\000n}{}% 1
\BOOKMARK [2][-]{subsection.1.1}{\376\377\000Z\000a\000h\000l\000e\000n\000\040\000u\000n\000d\000\040\000L\000o\000g\000i\000k}{section.1}% 2
\BOOKMARK [3][-]{subsubsection.1.1.1}{\376\377\000Z\000a\000h\000l\000e\000n\000b\000e\000r\000e\000i\000c\000h\000e}{subsection.1.1}% 3
\BOOKMARK [3][-]{subsubsection.1.1.2}{\376\377\000W\000a\000c\000h\000s\000t\000u\000m}{subsection.1.1}% 4
\BOOKMARK [3][-]{subsubsection.1.1.3}{\376\377\000S\000u\000m\000m\000e\000\040\000u\000n\000d\000\040\000P\000r\000o\000d\000u\000k\000t\000e}{subsection.1.1}% 5
\BOOKMARK [3][-]{subsubsection.1.1.4}{\376\377\000M\000e\000n\000g\000e\000n\000\040\000O\000p\000e\000r\000a\000t\000i\000o\000n\000e\000n}{subsection.1.1}% 6
\BOOKMARK [2][-]{subsection.1.2}{\376\377\000A\000u\000s\000s\000a\000g\000e\000n\000l\000o\000g\000i\000k}{section.1}% 7
\BOOKMARK [3][-]{subsubsection.1.2.1}{\376\377\000D\000e\000f\000i\000n\000i\000t\000i\000o\000n\000e\000n}{subsection.1.2}% 8
\BOOKMARK [1][-]{section.2}{\376\377\000G\000l\000e\000i\000c\000h\000u\000n\000g\000e\000n}{}% 9
\BOOKMARK [2][-]{subsection.2.1}{\376\377\000A\000l\000l\000g\000e\000m\000e\000i\000n}{section.2}% 10
\BOOKMARK [3][-]{subsubsection.2.1.1}{\376\377\000D\000e\000f\000i\000n\000i\000t\000i\000o\000n\000e\000n}{subsection.2.1}% 11
\BOOKMARK [3][-]{subsubsection.2.1.2}{\376\377\000\304\000q\000u\000i\000v\000a\000l\000e\000n\000z\000u\000m\000f\000o\000r\000m\000u\000n\000g\000e\000n}{subsection.2.1}% 12
\BOOKMARK [2][-]{subsection.2.2}{\376\377\000L\000i\000n\000e\000a\000r\000e\000\040\000G\000l\000e\000i\000c\000h\000u\000n\000g\000e\000n}{section.2}% 13
\BOOKMARK [3][-]{subsubsection.2.2.1}{\376\377\000D\000e\000f\000i\000n\000i\000t\000i\000o\000n}{subsection.2.2}% 14
\BOOKMARK [3][-]{subsubsection.2.2.2}{\376\377\000L\000\366\000s\000e\000n\000\040\000e\000i\000n\000e\000r\000\040\000l\000i\000n\000e\000a\000r\000e\000n\000\040\000G\000l\000e\000i\000c\000h\000u\000n\000g}{subsection.2.2}% 15
\BOOKMARK [2][-]{subsection.2.3}{\376\377\000Q\000u\000a\000d\000r\000a\000t\000i\000s\000c\000h\000e\000\040\000G\000l\000e\000i\000c\000h\000u\000n\000g\000e\000n}{section.2}% 16
\BOOKMARK [3][-]{subsubsection.2.3.1}{\376\377\000D\000e\000f\000i\000n\000i\000t\000i\000o\000n}{subsection.2.3}% 17
\BOOKMARK [3][-]{subsubsection.2.3.2}{\376\377\000L\000\366\000s\000e\000n\000\040\000e\000i\000n\000e\000r\000\040\000q\000u\000a\000d\000r\000a\000t\000i\000s\000c\000h\000e\000n\000\040\000G\000l\000e\000i\000c\000h\000u\000n\000g}{subsection.2.3}% 18
\BOOKMARK [3][-]{subsubsection.2.3.3}{\376\377\000M\000i\000t\000t\000e\000r\000n\000a\000c\000h\000t\000s\000f\000o\000r\000m\000e\000l}{subsection.2.3}% 19
\BOOKMARK [2][-]{subsection.2.4}{\376\377\000B\000r\000u\000c\000h\000g\000l\000e\000i\000c\000h\000u\000n\000g}{section.2}% 20
\BOOKMARK [3][-]{subsubsection.2.4.1}{\376\377\000D\000e\000f\000i\000n\000i\000t\000i\000o\000n}{subsection.2.4}% 21
\BOOKMARK [3][-]{subsubsection.2.4.2}{\376\377\000L\000\366\000s\000e\000n\000\040\000e\000i\000n\000e\000r\000\040\000B\000r\000u\000c\000h\000g\000l\000e\000i\000c\000h\000u\000n\000g}{subsection.2.4}% 22
\BOOKMARK [3][-]{subsubsection.2.4.3}{\376\377\000K\000e\000h\000r\000w\000e\000r\000t}{subsection.2.4}% 23
\BOOKMARK [3][-]{subsubsection.2.4.4}{\376\377\000M\000u\000l\000t\000i\000p\000l\000i\000k\000a\000t\000i\000o\000n\000\040\000\374\000b\000e\000r\000s\000\040\000K\000r\000e\000u\000z}{subsection.2.4}% 24
\BOOKMARK [2][-]{subsection.2.5}{\376\377\000B\000e\000t\000r\000a\000g\000s\000g\000l\000e\000i\000c\000h\000u\000n\000g}{section.2}% 25
\BOOKMARK [3][-]{subsubsection.2.5.1}{\376\377\000D\000e\000f\000i\000n\000i\000t\000i\000o\000n}{subsection.2.5}% 26
\BOOKMARK [3][-]{subsubsection.2.5.2}{\376\377\000E\000i\000g\000e\000n\000s\000c\000h\000a\000f\000t\000e\000n\000\040\000u\000n\000d\000\040\000R\000e\000c\000h\000e\000n\000r\000e\000g\000e\000l\000n}{subsection.2.5}% 27
\BOOKMARK [3][-]{subsubsection.2.5.3}{\376\377\000L\000\366\000s\000e\000n\000\040\000e\000i\000n\000e\000r\000\040\000B\000e\000t\000r\000a\000g\000s\000g\000l\000e\000i\000c\000h\000u\000n\000g}{subsection.2.5}% 28
\BOOKMARK [2][-]{subsection.2.6}{\376\377\000P\000o\000t\000e\000n\000z\000g\000l\000e\000i\000c\000h\000u\000n\000g\000e\000n}{section.2}% 29
\BOOKMARK [3][-]{subsubsection.2.6.1}{\376\377\000D\000e\000f\000i\000n\000i\000t\000i\000o\000n}{subsection.2.6}% 30
\BOOKMARK [3][-]{subsubsection.2.6.2}{\376\377\000P\000o\000t\000e\000n\000z\000g\000e\000s\000e\000t\000z\000e}{subsection.2.6}% 31
\BOOKMARK [3][-]{subsubsection.2.6.3}{\376\377\000L\000\366\000s\000e\000n\000\040\000e\000i\000n\000e\000r\000\040\000P\000o\000t\000e\000n\000z\000g\000l\000e\000i\000c\000h\000u\000n\000g}{subsection.2.6}% 32
\BOOKMARK [2][-]{subsection.2.7}{\376\377\000W\000u\000r\000z\000e\000l\000g\000l\000e\000i\000c\000h\000u\000n\000g}{section.2}% 33
\BOOKMARK [3][-]{subsubsection.2.7.1}{\376\377\000W\000u\000r\000z\000e\000l\000\040\000G\000e\000s\000e\000t\000z\000e}{subsection.2.7}% 34
\BOOKMARK [3][-]{subsubsection.2.7.2}{\376\377\000W\000u\000r\000z\000e\000l\000g\000l\000e\000i\000c\000h\000u\000n\000g\000\040\000l\000\366\000s\000e\000n}{subsection.2.7}% 35
\BOOKMARK [2][-]{subsection.2.8}{\376\377\000E\000x\000p\000o\000n\000e\000n\000t\000i\000a\000l\000-\000\040\000u\000n\000d\000\040\000L\000o\000g\000a\000r\000i\000t\000h\000m\000u\000s\000g\000l\000e\000i\000c\000h\000u\000n\000g\000e\000n}{section.2}% 36
\BOOKMARK [3][-]{subsubsection.2.8.1}{\376\377\000D\000e\000f\000i\000n\000i\000t\000i\000o\000n}{subsection.2.8}% 37
\BOOKMARK [3][-]{subsubsection.2.8.2}{\376\377\000L\000o\000g\000a\000r\000i\000t\000h\000m\000e\000n\000g\000e\000s\000e\000t\000z\000e}{subsection.2.8}% 38
\BOOKMARK [2][-]{subsection.2.9}{\376\377\000L\000i\000n\000e\000a\000r\000e\000\040\000G\000l\000e\000i\000c\000h\000u\000n\000g\000s\000s\000y\000s\000t\000e\000m\000e}{section.2}% 39
\BOOKMARK [3][-]{subsubsection.2.9.1}{\376\377\000D\000e\000f\000i\000n\000i\000t\000i\000o\000n}{subsection.2.9}% 40
\BOOKMARK [3][-]{subsubsection.2.9.2}{\376\377\000G\000l\000e\000i\000c\000h\000s\000e\000t\000z\000u\000n\000g\000s\000v\000e\000r\000f\000a\000h\000r\000e\000n}{subsection.2.9}% 41
\BOOKMARK [3][-]{subsubsection.2.9.3}{\376\377\000E\000i\000n\000s\000e\000t\000z\000u\000n\000g\000s\000v\000e\000r\000f\000a\000h\000r\000e\000n}{subsection.2.9}% 42
\BOOKMARK [3][-]{subsubsection.2.9.4}{\376\377\000A\000d\000d\000i\000t\000i\000o\000n\000s\000v\000e\000r\000f\000a\000h\000r\000e\000n}{subsection.2.9}% 43
\BOOKMARK [2][-]{subsection.2.10}{\376\377\000U\000n\000g\000l\000e\000i\000c\000h\000u\000n\000g\000e\000n}{section.2}% 44
\BOOKMARK [3][-]{subsubsection.2.10.1}{\376\377\000D\000e\000f\000i\000n\000i\000t\000i\000o\000n}{subsection.2.10}% 45
\BOOKMARK [3][-]{subsubsection.2.10.2}{\376\377\000L\000i\000n\000e\000a\000r\000e\000\040\000U\000n\000g\000l\000e\000i\000c\000h\000u\000n\000g\000e\000n}{subsection.2.10}% 46
\BOOKMARK [1][-]{section.3}{\376\377\000F\000u\000n\000k\000t\000i\000o\000n\000e\000n}{}% 47
\BOOKMARK [2][-]{subsection.3.1}{\376\377\000A\000l\000l\000g\000e\000m\000e\000i\000n}{section.3}% 48
\BOOKMARK [3][-]{subsubsection.3.1.1}{\376\377\000D\000e\000f\000i\000n\000i\000t\000i\000o\000n}{subsection.3.1}% 49
\BOOKMARK [2][-]{subsection.3.2}{\376\377\000L\000i\000n\000e\000a\000r\000e\000\040\000F\000u\000n\000k\000t\000i\000o\000n\000e\000n}{section.3}% 50
\BOOKMARK [3][-]{subsubsection.3.2.1}{\376\377\000D\000e\000f\000i\000n\000i\000t\000o\000n}{subsection.3.2}% 51
\BOOKMARK [3][-]{subsubsection.3.2.2}{\376\377\000A\000c\000h\000s\000e\000n\000a\000b\000s\000c\000h\000n\000i\000t\000t\000e\000\040\000v\000e\000r\000\344\000n\000d\000e\000r\000n}{subsection.3.2}% 52
\BOOKMARK [3][-]{subsubsection.3.2.3}{\376\377\000N\000u\000l\000l\000s\000t\000e\000l\000l\000e\000\040\000b\000e\000r\000e\000c\000h\000n\000e\000n}{subsection.3.2}% 53
\BOOKMARK [3][-]{subsubsection.3.2.4}{\376\377\000S\000t\000e\000i\000g\000u\000n\000g\000\040\000b\000e\000r\000e\000c\000h\000n\000e\000n}{subsection.3.2}% 54
\BOOKMARK [3][-]{subsubsection.3.2.5}{\376\377\000S\000c\000h\000n\000i\000t\000t\000p\000u\000n\000k\000t\000\040\000b\000e\000r\000e\000c\000h\000n\000e\000n}{subsection.3.2}% 55
\BOOKMARK [3][-]{subsubsection.3.2.6}{\376\377\000U\000m\000k\000e\000h\000r\000f\000u\000n\000k\000t\000i\000o\000n\000\040\000b\000i\000l\000d\000e\000n}{subsection.3.2}% 56
\BOOKMARK [2][-]{subsection.3.3}{\376\377\000Q\000u\000a\000d\000r\000a\000t\000i\000s\000c\000h\000e\000\040\000F\000u\000n\000k\000t\000i\000o\000n\000e\000n}{section.3}% 57
\BOOKMARK [3][-]{subsubsection.3.3.1}{\376\377\000D\000e\000f\000i\000n\000i\000t\000i\000o\000n}{subsection.3.3}% 58
\BOOKMARK [3][-]{subsubsection.3.3.2}{\376\377\000Q\000u\000a\000d\000r\000a\000t\000i\000s\000c\000h\000e\000\040\000F\000u\000n\000k\000t\000i\000o\000n\000\040\000Z\000e\000i\000c\000h\000n\000e\000n}{subsection.3.3}% 59
\BOOKMARK [3][-]{subsubsection.3.3.3}{\376\377\000N\000o\000r\000m\000a\000l\000p\000a\000r\000a\000b\000e\000l\000\040\000n\000a\000c\000h\000\040\000o\000b\000e\000n\000/\000u\000n\000t\000e\000n\000\040\000v\000e\000r\000s\000c\000h\000i\000e\000b\000e\000n}{subsection.3.3}% 60
\BOOKMARK [3][-]{subsubsection.3.3.4}{\376\377\000N\000o\000r\000m\000a\000l\000p\000a\000r\000a\000b\000e\000l\000\040\000s\000t\000a\000u\000c\000h\000e\000n\000/\000s\000t\000r\000e\000c\000k\000e\000n}{subsection.3.3}% 61
\BOOKMARK [3][-]{subsubsection.3.3.5}{\376\377\000P\000a\000r\000a\000b\000e\000l\000\040\000v\000e\000r\000s\000c\000h\000i\000e\000b\000e\000n\000\040\000e\000n\000t\000l\000a\000n\000g\000\040\000d\000e\000r\000\040\000x\000-\000A\000c\000h\000s\000e}{subsection.3.3}% 62
\BOOKMARK [3][-]{subsubsection.3.3.6}{\376\377\000y\000-\000A\000c\000h\000s\000e\000n\000a\000b\000s\000c\000h\000n\000i\000t\000t\000\040\000b\000e\000r\000e\000c\000h\000n\000e\000n}{subsection.3.3}% 63
\BOOKMARK [3][-]{subsubsection.3.3.7}{\376\377\000N\000u\000l\000l\000s\000t\000e\000l\000l\000e\000n\000\040\000b\000e\000r\000e\000c\000h\000n\000e\000n}{subsection.3.3}% 64
\BOOKMARK [2][-]{subsection.3.4}{\376\377\000G\000e\000b\000r\000o\000c\000h\000e\000n\000r\000a\000t\000i\000o\000n\000a\000l\000e\000\040\000F\000u\000n\000k\000t\000i\000o\000n\000e\000n}{section.3}% 65
\BOOKMARK [3][-]{subsubsection.3.4.1}{\376\377\000D\000e\000f\000i\000n\000i\000t\000i\000o\000n}{subsection.3.4}% 66
\BOOKMARK [3][-]{subsubsection.3.4.2}{\376\377\000D\000e\000f\000i\000n\000i\000t\000i\000o\000n\000s\000m\000e\000n\000g\000e}{subsection.3.4}% 67
\BOOKMARK [3][-]{subsubsection.3.4.3}{\376\377\000S\000e\000n\000k\000r\000e\000c\000h\000t\000e\000\040\000A\000s\000y\000m\000p\000t\000o\000t\000e}{subsection.3.4}% 68
\BOOKMARK [3][-]{subsubsection.3.4.4}{\376\377\000W\000a\000a\000g\000r\000e\000c\000h\000t\000e\000\040\000A\000s\000y\000m\000p\000t\000o\000t\000e}{subsection.3.4}% 69
\BOOKMARK [3][-]{subsubsection.3.4.5}{\376\377\000S\000c\000h\000i\000e\000f\000e\000\040\000A\000s\000y\000m\000p\000t\000o\000t\000e}{subsection.3.4}% 70
\BOOKMARK [3][-]{subsubsection.3.4.6}{\376\377\000N\000u\000l\000l\000s\000t\000e\000l\000l\000e\000n}{subsection.3.4}% 71
\BOOKMARK [3][-]{subsubsection.3.4.7}{\376\377\000P\000o\000l\000s\000t\000e\000l\000l\000e\000n}{subsection.3.4}% 72
\BOOKMARK [2][-]{subsection.3.5}{\376\377\000B\000e\000t\000r\000a\000g\000s\000f\000u\000n\000k\000t\000i\000o\000n}{section.3}% 73
\BOOKMARK [3][-]{subsubsection.3.5.1}{\376\377\000D\000e\000f\000i\000n\000i\000t\000i\000o\000n}{subsection.3.5}% 74
\BOOKMARK [3][-]{subsubsection.3.5.2}{\376\377\000V\000e\000r\000s\000c\000h\000i\000e\000b\000u\000n\000g}{subsection.3.5}% 75
\BOOKMARK [2][-]{subsection.3.6}{\376\377\000P\000o\000t\000e\000n\000z\000f\000u\000n\000k\000t\000i\000o\000n\000e\000n\000\040\000m\000i\000t\000\040\000P\000o\000s\000i\000t\000i\000v\000e\000n\000\040\000E\000x\000p\000o\000n\000e\000n\000t\000e\000n}{section.3}% 76
\BOOKMARK [3][-]{subsubsection.3.6.1}{\376\377\000D\000e\000f\000i\000n\000i\000t\000i\000o\000n}{subsection.3.6}% 77
\BOOKMARK [3][-]{subsubsection.3.6.2}{\376\377\000G\000e\000r\000a\000d\000e\000\040\000E\000x\000p\000o\000n\000e\000n\000t\000e\000n}{subsection.3.6}% 78
\BOOKMARK [3][-]{subsubsection.3.6.3}{\376\377\000U\000n\000g\000e\000r\000a\000d\000e\000\040\000E\000x\000p\000o\000n\000e\000n\000t\000e\000n}{subsection.3.6}% 79
\BOOKMARK [3][-]{subsubsection.3.6.4}{\376\377\000Z\000u\000s\000a\000m\000m\000e\000n\000f\000a\000s\000s\000u\000n\000g\000\040\000d\000e\000r\000\040\000w\000i\000c\000h\000t\000i\000g\000s\000t\000e\000n\000\040\000E\000i\000g\000e\000n\000s\000c\000h\000a\000f\000t\000e\000n}{subsection.3.6}% 80
\BOOKMARK [2][-]{subsection.3.7}{\376\377\000P\000o\000t\000e\000n\000z\000f\000u\000n\000k\000t\000i\000o\000n\000e\000n\000\040\000m\000i\000t\000\040\000n\000e\000g\000a\000t\000i\000v\000e\000n\000\040\000E\000x\000p\000o\000n\000e\000n\000t\000e\000n}{section.3}% 81
\BOOKMARK [3][-]{subsubsection.3.7.1}{\376\377\000G\000e\000r\000a\000d\000e\000\040\000E\000x\000p\000o\000n\000e\000n\000t\000e\000n}{subsection.3.7}% 82
\BOOKMARK [3][-]{subsubsection.3.7.2}{\376\377\000G\000e\000r\000a\000d\000e\000\040\000E\000x\000p\000o\000n\000e\000n\000t\000e\000n}{subsection.3.7}% 83
\BOOKMARK [3][-]{subsubsection.3.7.3}{\376\377\000Z\000u\000s\000a\000m\000m\000e\000n\000f\000a\000s\000s\000u\000n\000g\000\040\000d\000e\000r\000\040\000w\000i\000c\000h\000t\000i\000g\000s\000t\000e\000n\000\040\000E\000i\000g\000e\000n\000s\000c\000h\000a\000f\000t\000e\000n}{subsection.3.7}% 84
\BOOKMARK [2][-]{subsection.3.8}{\376\377\000W\000u\000r\000z\000e\000l\000f\000u\000n\000k\000t\000i\000o\000n}{section.3}% 85
\BOOKMARK [3][-]{subsubsection.3.8.1}{\376\377\000D\000e\000f\000i\000n\000i\000t\000i\000o\000n}{subsection.3.8}% 86
\BOOKMARK [3][-]{subsubsection.3.8.2}{\376\377\000G\000e\000r\000a\000d\000e\000r\000\040\000W\000u\000r\000z\000e\000l\000e\000x\000p\000o\000n\000e\000n\000t}{subsection.3.8}% 87
\BOOKMARK [3][-]{subsubsection.3.8.3}{\376\377\000U\000n\000g\000e\000r\000a\000d\000e\000r\000\040\000W\000u\000r\000z\000e\000l\000e\000x\000p\000o\000n\000e\000n\000t}{subsection.3.8}% 88
\BOOKMARK [2][-]{subsection.3.9}{\376\377\000E\000x\000p\000o\000n\000e\000n\000t\000i\000a\000l\000f\000u\000n\000k\000t\000i\000o\000n}{section.3}% 89
\BOOKMARK [3][-]{subsubsection.3.9.1}{\376\377\000D\000e\000f\000i\000n\000i\000t\000i\000o\000n}{subsection.3.9}% 90
\BOOKMARK [2][-]{subsection.3.10}{\376\377\000L\000o\000g\000a\000r\000i\000t\000h\000m\000u\000s\000f\000u\000n\000k\000t\000i\000o\000n}{section.3}% 91
\BOOKMARK [3][-]{subsubsection.3.10.1}{\376\377\000D\000e\000f\000i\000n\000i\000t\000i\000o\000n}{subsection.3.10}% 92
\BOOKMARK [1][-]{section.4}{\376\377\000T\000r\000i\000g\000o\000n\000o\000m\000e\000t\000r\000i\000e}{}% 93
\BOOKMARK [2][-]{subsection.4.1}{\376\377\000G\000r\000a\000d\000m\000a\000s\000s\000,\000\040\000B\000o\000g\000e\000n\000m\000a\000s\000s}{section.4}% 94
\BOOKMARK [2][-]{subsection.4.2}{\376\377\000T\000r\000i\000g\000o\000n\000o\000m\000e\000t\000r\000i\000s\000c\000h\000e\000\040\000F\000u\000n\000k\000t\000i\000o\000n\000e\000n\000\040\000a\000m\000\040\000r\000e\000c\000h\000t\000w\000i\000n\000k\000l\000i\000g\000e\000n\000\040\000D\000r\000e\000i\000e\000c\000k}{section.4}% 95
\BOOKMARK [3][-]{subsubsection.4.2.1}{\376\377\000S\000i\000n\000u\000s\000,\000\040\000K\000o\000s\000e\000k\000a\000n\000s}{subsection.4.2}% 96
\BOOKMARK [3][-]{subsubsection.4.2.2}{\376\377\000K\000o\000s\000i\000n\000u\000s\000,\000\040\000S\000e\000k\000a\000n\000s}{subsection.4.2}% 97
\BOOKMARK [3][-]{subsubsection.4.2.3}{\376\377\000T\000a\000n\000g\000e\000n\000s\000,\000\040\000K\000o\000t\000a\000n\000g\000e\000n\000s}{subsection.4.2}% 98
\BOOKMARK [3][-]{subsubsection.4.2.4}{\376\377\000S\000i\000n\000u\000s\000-\000\040\000K\000o\000s\000i\000n\000u\000s\000-\000\040\000u\000n\000d\000\040\000T\000a\000n\000g\000e\000n\000s\000f\000u\000n\000k\000t\000i\000o\000n\000\040\000a\000m\000\040\000r\000e\000c\000h\000t\000w\000i\000n\000k\000l\000i\000g\000e\000n\000\040\000D\000r\000e\000i\000e\000c\000k}{subsection.4.2}% 99
\BOOKMARK [2][-]{subsection.4.3}{\376\377\000T\000r\000i\000g\000o\000n\000o\000m\000e\000t\000r\000i\000s\000c\000h\000e\000\040\000F\000u\000n\000k\000t\000i\000o\000n\000e\000n\000\040\000a\000m\000\040\000s\000c\000h\000i\000e\000f\000w\000i\000n\000k\000l\000i\000g\000e\000n\000\040\000D\000r\000e\000i\000e\000c\000k}{section.4}% 100
\BOOKMARK [3][-]{subsubsection.4.3.1}{\376\377\000K\000o\000s\000i\000n\000u\000s\000s\000a\000t\000z}{subsection.4.3}% 101
\BOOKMARK [3][-]{subsubsection.4.3.2}{\376\377\000S\000i\000n\000u\000s\000s\000a\000t\000z}{subsection.4.3}% 102
\BOOKMARK [3][-]{subsubsection.4.3.3}{\376\377\000F\000l\000a\000e\000c\000h\000e\000n\000s\000a\000t\000z}{subsection.4.3}% 103
\BOOKMARK [3][-]{subsubsection.4.3.4}{\376\377\000B\000e\000r\000e\000c\000h\000n\000u\000n\000g\000\040\000a\000m\000\040\000K\000r\000e\000i\000s\000s\000e\000k\000t\000o\000r\000\040\000\050\000a\000u\000c\000h\000\040\000K\000r\000e\000i\000s\000a\000u\000s\000s\000c\000h\000n\000i\000t\000t\000\051}{subsection.4.3}% 104
\BOOKMARK [3][-]{subsubsection.4.3.5}{\376\377\000K\000r\000e\000i\000s\000s\000e\000g\000m\000e\000n\000t\000\040\000\050\000a\000u\000c\000h\000\040\000K\000r\000e\000i\000s\000a\000b\000s\000c\000h\000n\000i\000t\000t\000\051}{subsection.4.3}% 105
\BOOKMARK [2][-]{subsection.4.4}{\376\377\000E\000i\000n\000h\000e\000i\000t\000s\000k\000r\000e\000i\000s}{section.4}% 106
\BOOKMARK [3][-]{subsubsection.4.4.1}{\376\377\000D\000e\000f\000i\000n\000i\000t\000i\000o\000n}{subsection.4.4}% 107
\BOOKMARK [3][-]{subsubsection.4.4.2}{\376\377\000B\000e\000z\000i\000e\000h\000u\000n\000g\000e\000n\000\040\000z\000w\000i\000s\000c\000h\000e\000n\000\040\000d\000e\000n\000\040\000W\000i\000n\000k\000e\000l\000f\000u\000n\000k\000t\000i\000o\000n\000e\000n\000\040\000\050\000P\000h\000y\000t\000a\000g\000o\000r\000a\000s\000\040\000a\000m\000\040\000E\000i\000n\000h\000e\000i\000t\000s\000k\000r\000e\000i\000s\000\051}{subsection.4.4}% 108
\BOOKMARK [3][-]{subsubsection.4.4.3}{\376\377\000V\000o\000r\000z\000e\000i\000c\000h\000e\000n\000\040\000d\000e\000r\000\040\000T\000r\000i\000g\000o\000n\000o\000m\000e\000t\000r\000i\000s\000c\000h\000e\000n\000\040\000F\000u\000n\000k\000t\000i\000o\000n\000e\000n}{subsection.4.4}% 109
\BOOKMARK [2][-]{subsection.4.5}{\376\377\000E\000i\000g\000e\000n\000s\000c\000h\000a\000f\000t\000e\000n\000\040\000d\000e\000r\000\040\000F\000u\000n\000k\000t\000i\000o\000n\000e\000n}{section.4}% 110
\BOOKMARK [3][-]{subsubsection.4.5.1}{\376\377\000I\000d\000e\000n\000t\000i\000t\000\344\000t\000e\000n}{subsection.4.5}% 111
\BOOKMARK [2][-]{subsection.4.6}{\376\377\000T\000r\000a\000n\000s\000f\000o\000r\000m\000a\000t\000i\000o\000n\000\040\000d\000e\000r\000\040\000S\000i\000n\000u\000s\000f\000u\000n\000k\000t\000i\000o\000n}{section.4}% 112
\BOOKMARK [3][-]{subsubsection.4.6.1}{\376\377\000A\000l\000l\000g\000e\000m\000e\000i\000n\000e\000\040\000S\000i\000n\000u\000s\000f\000u\000n\000k\000t\000i\000o\000n}{subsection.4.6}% 113
\BOOKMARK [3][-]{subsubsection.4.6.2}{\376\377\000S\000t\000r\000e\000c\000k\000e\000n\000\040\000u\000n\000d\000\040\000S\000t\000a\000u\000c\000h\000e\000n\000\040\000a\000u\000f\000\040\000y\000-\000A\000c\000h\000s\000e}{subsection.4.6}% 114
\BOOKMARK [3][-]{subsubsection.4.6.3}{\376\377\000S\000t\000r\000e\000c\000k\000e\000n\000\040\000u\000n\000d\000\040\000S\000t\000a\000u\000c\000h\000e\000n\000\040\000a\000u\000f\000\040\000x\000-\000A\000c\000h\000s\000e}{subsection.4.6}% 115
\BOOKMARK [3][-]{subsubsection.4.6.4}{\376\377\000S\000c\000h\000i\000e\000b\000e\000n\000\040\000i\000n\000\040\000x\000-\000R\000i\000c\000h\000t\000u\000n\000g}{subsection.4.6}% 116
\BOOKMARK [3][-]{subsubsection.4.6.5}{\376\377\000S\000c\000h\000i\000e\000b\000e\000n\000\040\000i\000n\000\040\000y\000-\000R\000i\000c\000h\000t\000u\000n\000g}{subsection.4.6}% 117
\BOOKMARK [1][-]{section.5}{\376\377\000G\000o\000n\000i\000o\000m\000e\000t\000r\000i\000e}{}% 118
\BOOKMARK [2][-]{subsection.5.1}{\376\377\000G\000r\000u\000n\000d\000l\000a\000g\000e\000n}{section.5}% 119
\BOOKMARK [3][-]{subsubsection.5.1.1}{\376\377\000B\000e\000z\000i\000e\000h\000u\000n\000g\000e\000n}{subsection.5.1}% 120
\BOOKMARK [3][-]{subsubsection.5.1.2}{\376\377\000A\000d\000d\000i\000t\000i\000o\000n\000s\000t\000h\000e\000o\000r\000e\000m\000e}{subsection.5.1}% 121
\BOOKMARK [3][-]{subsubsection.5.1.3}{\376\377\000W\000i\000n\000k\000e\000l\000f\000u\000n\000k\000t\000i\000o\000n\000e\000n\000\040\000d\000e\000s\000\040\000d\000o\000p\000p\000e\000l\000t\000e\000n\000\040\000W\000i\000n\000k\000e\000l\000s}{subsection.5.1}% 122
\BOOKMARK [3][-]{subsubsection.5.1.4}{\376\377\000W\000i\000n\000k\000e\000l\000f\000u\000n\000k\000t\000i\000o\000n\000e\000n\000\040\000d\000e\000s\000\040\000d\000r\000e\000i\000f\000a\000c\000h\000e\000n\000\040\000W\000i\000n\000k\000e\000l\000s}{subsection.5.1}% 123
\BOOKMARK [3][-]{subsubsection.5.1.5}{\376\377\000W\000i\000n\000k\000e\000l\000f\000u\000n\000k\000t\000i\000o\000n\000e\000n\000\040\000d\000e\000s\000\040\000h\000a\000l\000b\000e\000n\000\040\000W\000i\000n\000k\000e\000l\000s}{subsection.5.1}% 124
\BOOKMARK [1][-]{section.6}{\376\377\000V\000e\000k\000t\000o\000r\000g\000e\000o\000m\000e\000t\000r\000i\000e}{}% 125
\BOOKMARK [2][-]{subsection.6.1}{\376\377\000G\000r\000u\000n\000d\000d\000e\000f\000i\000n\000i\000t\000i\000o\000n\000e\000n}{section.6}% 126
\BOOKMARK [2][-]{subsection.6.2}{\376\377\000G\000r\000u\000n\000d\000r\000e\000c\000h\000e\000n\000a\000r\000t\000e\000n}{section.6}% 127
\BOOKMARK [3][-]{subsubsection.6.2.1}{\376\377\000A\000d\000d\000i\000t\000i\000o\000n\000\040\000v\000o\000n\000\040\000V\000e\000k\000t\000o\000r\000e\000n}{subsection.6.2}% 128
\BOOKMARK [3][-]{subsubsection.6.2.2}{\376\377\000S\000u\000b\000t\000r\000a\000k\000t\000i\000o\000n\000\040\000v\000o\000n\000\040\000V\000e\000k\000t\000o\000r\000e\000n}{subsection.6.2}% 129
\BOOKMARK [3][-]{subsubsection.6.2.3}{\376\377\000M\000u\000l\000t\000i\000p\000l\000i\000k\000a\000t\000i\000o\000n\000\040\000m\000i\000t\000\040\000e\000i\000n\000e\000r\000\040\000Z\000a\000h\000l}{subsection.6.2}% 130
\BOOKMARK [3][-]{subsubsection.6.2.4}{\376\377\000S\000k\000a\000l\000a\000r\000p\000r\000o\000d\000u\000k\000t}{subsection.6.2}% 131
\BOOKMARK [3][-]{subsubsection.6.2.5}{\376\377\000V\000e\000k\000t\000o\000r\000p\000r\000o\000d\000u\000k\000t}{subsection.6.2}% 132
\BOOKMARK [3][-]{subsubsection.6.2.6}{\376\377\000B\000e\000t\000r\000a\000g\000\040\000e\000i\000n\000e\000s\000\040\000V\000e\000k\000t\000o\000r\000s}{subsection.6.2}% 133
\BOOKMARK [3][-]{subsubsection.6.2.7}{\376\377\000E\000i\000n\000h\000e\000i\000t\000s\000v\000e\000k\000t\000o\000r}{subsection.6.2}% 134
\BOOKMARK [2][-]{subsection.6.3}{\376\377\000N\000o\000r\000m\000a\000l\000f\000o\000r\000m}{section.6}% 135
\BOOKMARK [3][-]{subsubsection.6.3.1}{\376\377\000N\000o\000r\000m\000a\000l\000f\000o\000r\000m\000\040\000e\000i\000n\000e\000r\000\040\000G\000e\000r\000a\000d\000e}{subsection.6.3}% 136
\BOOKMARK [3][-]{subsubsection.6.3.2}{\376\377\000N\000o\000r\000m\000a\000l\000f\000o\000r\000m\000\040\000e\000i\000n\000e\000r\000\040\000E\000b\000e\000n\000e}{subsection.6.3}% 137
\BOOKMARK [3][-]{subsubsection.6.3.3}{\376\377\000H\000e\000s\000s\000e\000s\000c\000h\000e\000\040\000N\000o\000r\000m\000a\000l\000f\000o\000r\000m\000\040\000e\000i\000n\000e\000r\000\040\000G\000e\000r\000a\000d\000e}{subsection.6.3}% 138
\BOOKMARK [3][-]{subsubsection.6.3.4}{\376\377\000H\000e\000s\000s\000e\000s\000c\000h\000e\000\040\000N\000o\000r\000m\000a\000l\000f\000o\000r\000m\000\040\000e\000i\000n\000e\000r\000\040\000E\000b\000e\000n\000e}{subsection.6.3}% 139
